

Microchip Technology PIC LITE Macro Assembler V1.34 build -361300703 
                                                                                               Tue Dec 29 18:45:25 2015

Microchip Technology Omniscient Code Generator (Lite mode) build 201502162209
     1                           	processor	16F1824
     2                           	opt	pw 120
     3                           	opt	lm
     4                           	psect	nvCOMMON,global,class=COMMON,space=1,delta=1
     5                           	psect	cinit,global,class=CODE,merge=1,delta=2
     6                           	psect	bssCOMMON,global,class=COMMON,space=1,delta=1
     7                           	psect	cstackCOMMON,global,class=COMMON,space=1,delta=1
     8                           	psect	maintext,global,class=CODE,merge=1,split=1,delta=2
     9                           	psect	text1,local,class=CODE,merge=1,delta=2
    10                           	psect	text2,local,class=CODE,merge=1,delta=2
    11                           	psect	text3,local,class=CODE,merge=1,delta=2
    12                           	psect	intentry,global,class=CODE,delta=2
    13                           	psect	text5,local,class=CODE,merge=1,delta=2
    14                           	psect	text6,local,class=CODE,merge=1,delta=2
    15                           	dabs	1,0x7E,2
    16  0000                     	;# 
    17  0001                     	;# 
    18  0002                     	;# 
    19  0003                     	;# 
    20  0004                     	;# 
    21  0005                     	;# 
    22  0006                     	;# 
    23  0007                     	;# 
    24  0008                     	;# 
    25  0009                     	;# 
    26  000A                     	;# 
    27  000B                     	;# 
    28  000C                     	;# 
    29  000E                     	;# 
    30  0011                     	;# 
    31  0012                     	;# 
    32  0013                     	;# 
    33  0015                     	;# 
    34  0016                     	;# 
    35  0016                     	;# 
    36  0017                     	;# 
    37  0018                     	;# 
    38  0019                     	;# 
    39  001A                     	;# 
    40  001B                     	;# 
    41  001C                     	;# 
    42  001E                     	;# 
    43  001F                     	;# 
    44  008C                     	;# 
    45  008E                     	;# 
    46  0091                     	;# 
    47  0092                     	;# 
    48  0093                     	;# 
    49  0095                     	;# 
    50  0096                     	;# 
    51  0097                     	;# 
    52  0098                     	;# 
    53  0099                     	;# 
    54  009A                     	;# 
    55  009B                     	;# 
    56  009B                     	;# 
    57  009C                     	;# 
    58  009D                     	;# 
    59  009E                     	;# 
    60  010C                     	;# 
    61  010E                     	;# 
    62  0111                     	;# 
    63  0112                     	;# 
    64  0113                     	;# 
    65  0114                     	;# 
    66  0115                     	;# 
    67  0116                     	;# 
    68  0117                     	;# 
    69  0118                     	;# 
    70  0119                     	;# 
    71  011A                     	;# 
    72  011B                     	;# 
    73  011D                     	;# 
    74  011E                     	;# 
    75  018C                     	;# 
    76  018E                     	;# 
    77  0191                     	;# 
    78  0191                     	;# 
    79  0192                     	;# 
    80  0193                     	;# 
    81  0193                     	;# 
    82  0193                     	;# 
    83  0194                     	;# 
    84  0195                     	;# 
    85  0196                     	;# 
    86  0199                     	;# 
    87  019A                     	;# 
    88  019B                     	;# 
    89  019B                     	;# 
    90  019B                     	;# 
    91  019B                     	;# 
    92  019C                     	;# 
    93  019C                     	;# 
    94  019D                     	;# 
    95  019E                     	;# 
    96  019F                     	;# 
    97  020C                     	;# 
    98  020E                     	;# 
    99  0211                     	;# 
   100  0211                     	;# 
   101  0212                     	;# 
   102  0212                     	;# 
   103  0213                     	;# 
   104  0213                     	;# 
   105  0214                     	;# 
   106  0214                     	;# 
   107  0215                     	;# 
   108  0215                     	;# 
   109  0215                     	;# 
   110  0215                     	;# 
   111  0216                     	;# 
   112  0216                     	;# 
   113  0217                     	;# 
   114  0217                     	;# 
   115  0291                     	;# 
   116  0291                     	;# 
   117  0292                     	;# 
   118  0293                     	;# 
   119  0294                     	;# 
   120  0295                     	;# 
   121  0295                     	;# 
   122  0296                     	;# 
   123  0298                     	;# 
   124  0298                     	;# 
   125  0299                     	;# 
   126  029A                     	;# 
   127  029B                     	;# 
   128  029C                     	;# 
   129  029D                     	;# 
   130  029E                     	;# 
   131  029E                     	;# 
   132  0311                     	;# 
   133  0311                     	;# 
   134  0312                     	;# 
   135  0313                     	;# 
   136  0318                     	;# 
   137  0318                     	;# 
   138  0319                     	;# 
   139  031A                     	;# 
   140  038C                     	;# 
   141  038E                     	;# 
   142  0391                     	;# 
   143  0392                     	;# 
   144  0393                     	;# 
   145  039A                     	;# 
   146  039C                     	;# 
   147  039D                     	;# 
   148  039E                     	;# 
   149  039F                     	;# 
   150  0415                     	;# 
   151  0416                     	;# 
   152  0417                     	;# 
   153  041C                     	;# 
   154  041D                     	;# 
   155  041E                     	;# 
   156  0FE4                     	;# 
   157  0FE5                     	;# 
   158  0FE6                     	;# 
   159  0FE7                     	;# 
   160  0FE8                     	;# 
   161  0FE9                     	;# 
   162  0FEA                     	;# 
   163  0FEB                     	;# 
   164  0FED                     	;# 
   165  0FEE                     	;# 
   166  0FEF                     	;# 
   167  0000                     	;# 
   168  0001                     	;# 
   169  0002                     	;# 
   170  0003                     	;# 
   171  0004                     	;# 
   172  0005                     	;# 
   173  0006                     	;# 
   174  0007                     	;# 
   175  0008                     	;# 
   176  0009                     	;# 
   177  000A                     	;# 
   178  000B                     	;# 
   179  000C                     	;# 
   180  000E                     	;# 
   181  0011                     	;# 
   182  0012                     	;# 
   183  0013                     	;# 
   184  0015                     	;# 
   185  0016                     	;# 
   186  0016                     	;# 
   187  0017                     	;# 
   188  0018                     	;# 
   189  0019                     	;# 
   190  001A                     	;# 
   191  001B                     	;# 
   192  001C                     	;# 
   193  001E                     	;# 
   194  001F                     	;# 
   195  008C                     	;# 
   196  008E                     	;# 
   197  0091                     	;# 
   198  0092                     	;# 
   199  0093                     	;# 
   200  0095                     	;# 
   201  0096                     	;# 
   202  0097                     	;# 
   203  0098                     	;# 
   204  0099                     	;# 
   205  009A                     	;# 
   206  009B                     	;# 
   207  009B                     	;# 
   208  009C                     	;# 
   209  009D                     	;# 
   210  009E                     	;# 
   211  010C                     	;# 
   212  010E                     	;# 
   213  0111                     	;# 
   214  0112                     	;# 
   215  0113                     	;# 
   216  0114                     	;# 
   217  0115                     	;# 
   218  0116                     	;# 
   219  0117                     	;# 
   220  0118                     	;# 
   221  0119                     	;# 
   222  011A                     	;# 
   223  011B                     	;# 
   224  011D                     	;# 
   225  011E                     	;# 
   226  018C                     	;# 
   227  018E                     	;# 
   228  0191                     	;# 
   229  0191                     	;# 
   230  0192                     	;# 
   231  0193                     	;# 
   232  0193                     	;# 
   233  0193                     	;# 
   234  0194                     	;# 
   235  0195                     	;# 
   236  0196                     	;# 
   237  0199                     	;# 
   238  019A                     	;# 
   239  019B                     	;# 
   240  019B                     	;# 
   241  019B                     	;# 
   242  019B                     	;# 
   243  019C                     	;# 
   244  019C                     	;# 
   245  019D                     	;# 
   246  019E                     	;# 
   247  019F                     	;# 
   248  020C                     	;# 
   249  020E                     	;# 
   250  0211                     	;# 
   251  0211                     	;# 
   252  0212                     	;# 
   253  0212                     	;# 
   254  0213                     	;# 
   255  0213                     	;# 
   256  0214                     	;# 
   257  0214                     	;# 
   258  0215                     	;# 
   259  0215                     	;# 
   260  0215                     	;# 
   261  0215                     	;# 
   262  0216                     	;# 
   263  0216                     	;# 
   264  0217                     	;# 
   265  0217                     	;# 
   266  0291                     	;# 
   267  0291                     	;# 
   268  0292                     	;# 
   269  0293                     	;# 
   270  0294                     	;# 
   271  0295                     	;# 
   272  0295                     	;# 
   273  0296                     	;# 
   274  0298                     	;# 
   275  0298                     	;# 
   276  0299                     	;# 
   277  029A                     	;# 
   278  029B                     	;# 
   279  029C                     	;# 
   280  029D                     	;# 
   281  029E                     	;# 
   282  029E                     	;# 
   283  0311                     	;# 
   284  0311                     	;# 
   285  0312                     	;# 
   286  0313                     	;# 
   287  0318                     	;# 
   288  0318                     	;# 
   289  0319                     	;# 
   290  031A                     	;# 
   291  038C                     	;# 
   292  038E                     	;# 
   293  0391                     	;# 
   294  0392                     	;# 
   295  0393                     	;# 
   296  039A                     	;# 
   297  039C                     	;# 
   298  039D                     	;# 
   299  039E                     	;# 
   300  039F                     	;# 
   301  0415                     	;# 
   302  0416                     	;# 
   303  0417                     	;# 
   304  041C                     	;# 
   305  041D                     	;# 
   306  041E                     	;# 
   307  0FE4                     	;# 
   308  0FE5                     	;# 
   309  0FE6                     	;# 
   310  0FE7                     	;# 
   311  0FE8                     	;# 
   312  0FE9                     	;# 
   313  0FEA                     	;# 
   314  0FEB                     	;# 
   315  0FED                     	;# 
   316  0FEE                     	;# 
   317  0FEF                     	;# 
   318  0000                     	;# 
   319  0001                     	;# 
   320  0002                     	;# 
   321  0003                     	;# 
   322  0004                     	;# 
   323  0005                     	;# 
   324  0006                     	;# 
   325  0007                     	;# 
   326  0008                     	;# 
   327  0009                     	;# 
   328  000A                     	;# 
   329  000B                     	;# 
   330  000C                     	;# 
   331  000E                     	;# 
   332  0011                     	;# 
   333  0012                     	;# 
   334  0013                     	;# 
   335  0015                     	;# 
   336  0016                     	;# 
   337  0016                     	;# 
   338  0017                     	;# 
   339  0018                     	;# 
   340  0019                     	;# 
   341  001A                     	;# 
   342  001B                     	;# 
   343  001C                     	;# 
   344  001E                     	;# 
   345  001F                     	;# 
   346  008C                     	;# 
   347  008E                     	;# 
   348  0091                     	;# 
   349  0092                     	;# 
   350  0093                     	;# 
   351  0095                     	;# 
   352  0096                     	;# 
   353  0097                     	;# 
   354  0098                     	;# 
   355  0099                     	;# 
   356  009A                     	;# 
   357  009B                     	;# 
   358  009B                     	;# 
   359  009C                     	;# 
   360  009D                     	;# 
   361  009E                     	;# 
   362  010C                     	;# 
   363  010E                     	;# 
   364  0111                     	;# 
   365  0112                     	;# 
   366  0113                     	;# 
   367  0114                     	;# 
   368  0115                     	;# 
   369  0116                     	;# 
   370  0117                     	;# 
   371  0118                     	;# 
   372  0119                     	;# 
   373  011A                     	;# 
   374  011B                     	;# 
   375  011D                     	;# 
   376  011E                     	;# 
   377  018C                     	;# 
   378  018E                     	;# 
   379  0191                     	;# 
   380  0191                     	;# 
   381  0192                     	;# 
   382  0193                     	;# 
   383  0193                     	;# 
   384  0193                     	;# 
   385  0194                     	;# 
   386  0195                     	;# 
   387  0196                     	;# 
   388  0199                     	;# 
   389  019A                     	;# 
   390  019B                     	;# 
   391  019B                     	;# 
   392  019B                     	;# 
   393  019B                     	;# 
   394  019C                     	;# 
   395  019C                     	;# 
   396  019D                     	;# 
   397  019E                     	;# 
   398  019F                     	;# 
   399  020C                     	;# 
   400  020E                     	;# 
   401  0211                     	;# 
   402  0211                     	;# 
   403  0212                     	;# 
   404  0212                     	;# 
   405  0213                     	;# 
   406  0213                     	;# 
   407  0214                     	;# 
   408  0214                     	;# 
   409  0215                     	;# 
   410  0215                     	;# 
   411  0215                     	;# 
   412  0215                     	;# 
   413  0216                     	;# 
   414  0216                     	;# 
   415  0217                     	;# 
   416  0217                     	;# 
   417  0291                     	;# 
   418  0291                     	;# 
   419  0292                     	;# 
   420  0293                     	;# 
   421  0294                     	;# 
   422  0295                     	;# 
   423  0295                     	;# 
   424  0296                     	;# 
   425  0298                     	;# 
   426  0298                     	;# 
   427  0299                     	;# 
   428  029A                     	;# 
   429  029B                     	;# 
   430  029C                     	;# 
   431  029D                     	;# 
   432  029E                     	;# 
   433  029E                     	;# 
   434  0311                     	;# 
   435  0311                     	;# 
   436  0312                     	;# 
   437  0313                     	;# 
   438  0318                     	;# 
   439  0318                     	;# 
   440  0319                     	;# 
   441  031A                     	;# 
   442  038C                     	;# 
   443  038E                     	;# 
   444  0391                     	;# 
   445  0392                     	;# 
   446  0393                     	;# 
   447  039A                     	;# 
   448  039C                     	;# 
   449  039D                     	;# 
   450  039E                     	;# 
   451  039F                     	;# 
   452  0415                     	;# 
   453  0416                     	;# 
   454  0417                     	;# 
   455  041C                     	;# 
   456  041D                     	;# 
   457  041E                     	;# 
   458  0FE4                     	;# 
   459  0FE5                     	;# 
   460  0FE6                     	;# 
   461  0FE7                     	;# 
   462  0FE8                     	;# 
   463  0FE9                     	;# 
   464  0FEA                     	;# 
   465  0FEB                     	;# 
   466  0FED                     	;# 
   467  0FEE                     	;# 
   468  0FEF                     	;# 
   469  0000                     	;# 
   470  0001                     	;# 
   471  0002                     	;# 
   472  0003                     	;# 
   473  0004                     	;# 
   474  0005                     	;# 
   475  0006                     	;# 
   476  0007                     	;# 
   477  0008                     	;# 
   478  0009                     	;# 
   479  000A                     	;# 
   480  000B                     	;# 
   481  000C                     	;# 
   482  000E                     	;# 
   483  0011                     	;# 
   484  0012                     	;# 
   485  0013                     	;# 
   486  0015                     	;# 
   487  0016                     	;# 
   488  0016                     	;# 
   489  0017                     	;# 
   490  0018                     	;# 
   491  0019                     	;# 
   492  001A                     	;# 
   493  001B                     	;# 
   494  001C                     	;# 
   495  001E                     	;# 
   496  001F                     	;# 
   497  008C                     	;# 
   498  008E                     	;# 
   499  0091                     	;# 
   500  0092                     	;# 
   501  0093                     	;# 
   502  0095                     	;# 
   503  0096                     	;# 
   504  0097                     	;# 
   505  0098                     	;# 
   506  0099                     	;# 
   507  009A                     	;# 
   508  009B                     	;# 
   509  009B                     	;# 
   510  009C                     	;# 
   511  009D                     	;# 
   512  009E                     	;# 
   513  010C                     	;# 
   514  010E                     	;# 
   515  0111                     	;# 
   516  0112                     	;# 
   517  0113                     	;# 
   518  0114                     	;# 
   519  0115                     	;# 
   520  0116                     	;# 
   521  0117                     	;# 
   522  0118                     	;# 
   523  0119                     	;# 
   524  011A                     	;# 
   525  011B                     	;# 
   526  011D                     	;# 
   527  011E                     	;# 
   528  018C                     	;# 
   529  018E                     	;# 
   530  0191                     	;# 
   531  0191                     	;# 
   532  0192                     	;# 
   533  0193                     	;# 
   534  0193                     	;# 
   535  0193                     	;# 
   536  0194                     	;# 
   537  0195                     	;# 
   538  0196                     	;# 
   539  0199                     	;# 
   540  019A                     	;# 
   541  019B                     	;# 
   542  019B                     	;# 
   543  019B                     	;# 
   544  019B                     	;# 
   545  019C                     	;# 
   546  019C                     	;# 
   547  019D                     	;# 
   548  019E                     	;# 
   549  019F                     	;# 
   550  020C                     	;# 
   551  020E                     	;# 
   552  0211                     	;# 
   553  0211                     	;# 
   554  0212                     	;# 
   555  0212                     	;# 
   556  0213                     	;# 
   557  0213                     	;# 
   558  0214                     	;# 
   559  0214                     	;# 
   560  0215                     	;# 
   561  0215                     	;# 
   562  0215                     	;# 
   563  0215                     	;# 
   564  0216                     	;# 
   565  0216                     	;# 
   566  0217                     	;# 
   567  0217                     	;# 
   568  0291                     	;# 
   569  0291                     	;# 
   570  0292                     	;# 
   571  0293                     	;# 
   572  0294                     	;# 
   573  0295                     	;# 
   574  0295                     	;# 
   575  0296                     	;# 
   576  0298                     	;# 
   577  0298                     	;# 
   578  0299                     	;# 
   579  029A                     	;# 
   580  029B                     	;# 
   581  029C                     	;# 
   582  029D                     	;# 
   583  029E                     	;# 
   584  029E                     	;# 
   585  0311                     	;# 
   586  0311                     	;# 
   587  0312                     	;# 
   588  0313                     	;# 
   589  0318                     	;# 
   590  0318                     	;# 
   591  0319                     	;# 
   592  031A                     	;# 
   593  038C                     	;# 
   594  038E                     	;# 
   595  0391                     	;# 
   596  0392                     	;# 
   597  0393                     	;# 
   598  039A                     	;# 
   599  039C                     	;# 
   600  039D                     	;# 
   601  039E                     	;# 
   602  039F                     	;# 
   603  0415                     	;# 
   604  0416                     	;# 
   605  0417                     	;# 
   606  041C                     	;# 
   607  041D                     	;# 
   608  041E                     	;# 
   609  0FE4                     	;# 
   610  0FE5                     	;# 
   611  0FE6                     	;# 
   612  0FE7                     	;# 
   613  0FE8                     	;# 
   614  0FE9                     	;# 
   615  0FEA                     	;# 
   616  0FEB                     	;# 
   617  0FED                     	;# 
   618  0FEE                     	;# 
   619  0FEF                     	;# 
   620  0000                     	;# 
   621  0001                     	;# 
   622  0002                     	;# 
   623  0003                     	;# 
   624  0004                     	;# 
   625  0005                     	;# 
   626  0006                     	;# 
   627  0007                     	;# 
   628  0008                     	;# 
   629  0009                     	;# 
   630  000A                     	;# 
   631  000B                     	;# 
   632  000C                     	;# 
   633  000E                     	;# 
   634  0011                     	;# 
   635  0012                     	;# 
   636  0013                     	;# 
   637  0015                     	;# 
   638  0016                     	;# 
   639  0016                     	;# 
   640  0017                     	;# 
   641  0018                     	;# 
   642  0019                     	;# 
   643  001A                     	;# 
   644  001B                     	;# 
   645  001C                     	;# 
   646  001E                     	;# 
   647  001F                     	;# 
   648  008C                     	;# 
   649  008E                     	;# 
   650  0091                     	;# 
   651  0092                     	;# 
   652  0093                     	;# 
   653  0095                     	;# 
   654  0096                     	;# 
   655  0097                     	;# 
   656  0098                     	;# 
   657  0099                     	;# 
   658  009A                     	;# 
   659  009B                     	;# 
   660  009B                     	;# 
   661  009C                     	;# 
   662  009D                     	;# 
   663  009E                     	;# 
   664  010C                     	;# 
   665  010E                     	;# 
   666  0111                     	;# 
   667  0112                     	;# 
   668  0113                     	;# 
   669  0114                     	;# 
   670  0115                     	;# 
   671  0116                     	;# 
   672  0117                     	;# 
   673  0118                     	;# 
   674  0119                     	;# 
   675  011A                     	;# 
   676  011B                     	;# 
   677  011D                     	;# 
   678  011E                     	;# 
   679  018C                     	;# 
   680  018E                     	;# 
   681  0191                     	;# 
   682  0191                     	;# 
   683  0192                     	;# 
   684  0193                     	;# 
   685  0193                     	;# 
   686  0193                     	;# 
   687  0194                     	;# 
   688  0195                     	;# 
   689  0196                     	;# 
   690  0199                     	;# 
   691  019A                     	;# 
   692  019B                     	;# 
   693  019B                     	;# 
   694  019B                     	;# 
   695  019B                     	;# 
   696  019C                     	;# 
   697  019C                     	;# 
   698  019D                     	;# 
   699  019E                     	;# 
   700  019F                     	;# 
   701  020C                     	;# 
   702  020E                     	;# 
   703  0211                     	;# 
   704  0211                     	;# 
   705  0212                     	;# 
   706  0212                     	;# 
   707  0213                     	;# 
   708  0213                     	;# 
   709  0214                     	;# 
   710  0214                     	;# 
   711  0215                     	;# 
   712  0215                     	;# 
   713  0215                     	;# 
   714  0215                     	;# 
   715  0216                     	;# 
   716  0216                     	;# 
   717  0217                     	;# 
   718  0217                     	;# 
   719  0291                     	;# 
   720  0291                     	;# 
   721  0292                     	;# 
   722  0293                     	;# 
   723  0294                     	;# 
   724  0295                     	;# 
   725  0295                     	;# 
   726  0296                     	;# 
   727  0298                     	;# 
   728  0298                     	;# 
   729  0299                     	;# 
   730  029A                     	;# 
   731  029B                     	;# 
   732  029C                     	;# 
   733  029D                     	;# 
   734  029E                     	;# 
   735  029E                     	;# 
   736  0311                     	;# 
   737  0311                     	;# 
   738  0312                     	;# 
   739  0313                     	;# 
   740  0318                     	;# 
   741  0318                     	;# 
   742  0319                     	;# 
   743  031A                     	;# 
   744  038C                     	;# 
   745  038E                     	;# 
   746  0391                     	;# 
   747  0392                     	;# 
   748  0393                     	;# 
   749  039A                     	;# 
   750  039C                     	;# 
   751  039D                     	;# 
   752  039E                     	;# 
   753  039F                     	;# 
   754  0415                     	;# 
   755  0416                     	;# 
   756  0417                     	;# 
   757  041C                     	;# 
   758  041D                     	;# 
   759  041E                     	;# 
   760  0FE4                     	;# 
   761  0FE5                     	;# 
   762  0FE6                     	;# 
   763  0FE7                     	;# 
   764  0FE8                     	;# 
   765  0FE9                     	;# 
   766  0FEA                     	;# 
   767  0FEB                     	;# 
   768  0FED                     	;# 
   769  0FEE                     	;# 
   770  0FEF                     	;# 
   771                           
   772                           	psect	nvCOMMON
   773  0077                     __pnvCOMMON:	
   774  0077                     _timer1ReloadVal:	
   775  0077                     	ds	2
   776  0011                     _PIR1bits	set	17
   777  0018                     _T1CON	set	24
   778  0018                     _T1CONbits	set	24
   779  0019                     _T1GCON	set	25
   780  0019                     _T1GCONbits	set	25
   781  0017                     _TMR1H	set	23
   782  0016                     _TMR1L	set	22
   783  0062                     _RA2	set	98
   784  0095                     _OPTION_REGbits	set	149
   785  0099                     _OSCCON	set	153
   786  009A                     _OSCSTAT	set	154
   787  0098                     _OSCTUNE	set	152
   788  0091                     _PIE1bits	set	145
   789  008C                     _TRISA	set	140
   790  008E                     _TRISC	set	142
   791  011D                     _APFCON0	set	285
   792  011E                     _APFCON1	set	286
   793  010C                     _LATA	set	268
   794  010E                     _LATC	set	270
   795  018C                     _ANSELA	set	396
   796  018E                     _ANSELC	set	398
   797  020C                     _WPUA	set	524
   798  020E                     _WPUC	set	526
   799                           
   800                           ; #config settings
   801  0000                     
   802                           	psect	cinit
   803  0016                     start_initialization:	
   804  0016                     __initialization:	
   805                           
   806                           ; Clear objects allocated to COMMON
   807  0016  01F0               	clrf	__pbssCOMMON& (0+127)
   808  0017  01F1               	clrf	(__pbssCOMMON+1)& (0+127)
   809  0018  01F2               	clrf	(__pbssCOMMON+2)& (0+127)
   810  0019  01F3               	clrf	(__pbssCOMMON+3)& (0+127)
   811  001A                     end_of_initialization:	
   812                           ;End of C runtime variable initialization code
   813                           
   814  001A                     __end_of__initialization:	
   815  001A  0020               	movlb	0
   816  001B  3180  285D         	ljmp	_main	;jump to C main() function
   817                           
   818                           	psect	bssCOMMON
   819  0070                     __pbssCOMMON:	
   820  0070                     TMR1_ISR@CountCallBack:	
   821  0070                     	ds	2
   822  0072                     _flag:	
   823  0072                     	ds	2
   824                           
   825                           	psect	cstackCOMMON
   826  0074                     __pcstackCOMMON:	
   827  0074                     ?_TMR1_Initialize:	
   828  0074                     ?_TMR1_StartTimer:	
   829                           ; 0 bytes @ 0x0
   830                           
   831  0074                     ?_TMR1_CallBack:	
   832                           ; 0 bytes @ 0x0
   833                           
   834  0074                     ??_TMR1_CallBack:	
   835                           ; 0 bytes @ 0x0
   836                           
   837  0074                     ?_PIN_MANAGER_Initialize:	
   838                           ; 0 bytes @ 0x0
   839                           
   840  0074                     ?_TMR1_ISR:	
   841                           ; 0 bytes @ 0x0
   842                           
   843  0074                     ??_TMR1_ISR:	
   844                           ; 0 bytes @ 0x0
   845                           
   846  0074                     ?_INTERRUPT_InterruptManager:	
   847                           ; 0 bytes @ 0x0
   848                           
   849  0074                     ??_INTERRUPT_InterruptManager:	
   850                           ; 0 bytes @ 0x0
   851                           
   852  0074                     ?_main:	
   853                           ; 0 bytes @ 0x0
   854                           
   855                           
   856                           ; 2 bytes @ 0x0
   857  0074                     	ds	1
   858  0075                     ??_TMR1_Initialize:	
   859  0075                     ??_TMR1_StartTimer:	
   860                           ; 0 bytes @ 0x1
   861                           
   862  0075                     ??_PIN_MANAGER_Initialize:	
   863                           ; 0 bytes @ 0x1
   864                           
   865  0075                     ??_main:	
   866                           ; 0 bytes @ 0x1
   867                           
   868  0075                     main@i:	
   869                           ; 0 bytes @ 0x1
   870                           
   871                           
   872                           ; 2 bytes @ 0x1
   873  0075                     	ds	2
   874                           
   875                           	psect	maintext
   876  005D                     __pmaintext:	
   877 ;;
   878 ;;Main: autosize = 0, tempsize = 0, incstack = 0, save=0
   879 ;;
   880 ;; *************** function _main *****************
   881 ;; Defined at:
   882 ;;		line 22 in file "main.c"
   883 ;; Parameters:    Size  Location     Type
   884 ;;		None
   885 ;; Auto vars:     Size  Location     Type
   886 ;;  i               2    1[COMMON] int 
   887 ;; Return value:  Size  Location     Type
   888 ;;                  2  123[None  ] int 
   889 ;; Registers used:
   890 ;;		wreg, status,2, status,0, pclath, cstack
   891 ;; Tracked objects:
   892 ;;		On entry : B1F/0
   893 ;;		On exit  : 0/0
   894 ;;		Unchanged: 0/0
   895 ;; Data sizes:     COMMON   BANK0   BANK1   BANK2
   896 ;;      Params:         0       0       0       0
   897 ;;      Locals:         2       0       0       0
   898 ;;      Temps:          0       0       0       0
   899 ;;      Totals:         2       0       0       0
   900 ;;Total ram usage:        2 bytes
   901 ;; Hardware stack levels required when called:    5
   902 ;; This function calls:
   903 ;;		_PIN_MANAGER_Initialize
   904 ;;		_TMR1_Initialize
   905 ;; This function is called by:
   906 ;;		Startup code after reset
   907 ;; This function uses a non-reentrant model
   908 ;;
   909                           
   910                           
   911                           ;psect for function _main
   912  005D                     _main:	
   913                           
   914                           ;main.c: 24: int i=0;
   915                           
   916                           ;incstack = 0
   917                           ; Regs used in _main: [wreg+status,2+status,0+pclath+cstack]
   918  005D  01F5               	clrf	main@i
   919  005E  01F6               	clrf	main@i+1
   920                           
   921                           ;main.c: 27: PIN_MANAGER_Initialize();
   922  005F  3180  201D  3180   	fcall	_PIN_MANAGER_Initialize
   923                           
   924                           ;main.c: 28: TMR1_Initialize();
   925  0062  3180  204E  3180   	fcall	_TMR1_Initialize
   926                           
   927                           ;main.c: 31: RA2=1;
   928  0065  0020               	movlb	0	; select bank0
   929  0066  150C               	bsf	12,2	;volatile
   930  0067                     l124:	
   931                           ;main.c: 32: while(1)
   932                           
   933                           
   934                           ;main.c: 33: {
   935  0067  2867               	goto	l124
   936  0068                     __end_of_main:	
   937                           ;main.c: 35: }
   938                           ;main.c: 36: return (0);
   939                           ;	Return value of _main is never used
   940                           
   941                           
   942                           	psect	text1
   943  004E                     __ptext1:	
   944 ;; *************** function _TMR1_Initialize *****************
   945 ;; Defined at:
   946 ;;		line 64 in file "mcc_generated_files/tmr1.c"
   947 ;; Parameters:    Size  Location     Type
   948 ;;		None
   949 ;; Auto vars:     Size  Location     Type
   950 ;;		None
   951 ;; Return value:  Size  Location     Type
   952 ;;		None               void
   953 ;; Registers used:
   954 ;;		wreg, status,2, status,0, pclath, cstack
   955 ;; Tracked objects:
   956 ;;		On entry : 0/0
   957 ;;		On exit  : 0/0
   958 ;;		Unchanged: 0/0
   959 ;; Data sizes:     COMMON   BANK0   BANK1   BANK2
   960 ;;      Params:         0       0       0       0
   961 ;;      Locals:         0       0       0       0
   962 ;;      Temps:          0       0       0       0
   963 ;;      Totals:         0       0       0       0
   964 ;;Total ram usage:        0 bytes
   965 ;; Hardware stack levels used:    1
   966 ;; Hardware stack levels required when called:    4
   967 ;; This function calls:
   968 ;;		_TMR1_StartTimer
   969 ;; This function is called by:
   970 ;;		_main
   971 ;;		_SYSTEM_Initialize
   972 ;; This function uses a non-reentrant model
   973 ;;
   974                           
   975                           
   976                           ;psect for function _TMR1_Initialize
   977  004E                     _TMR1_Initialize:	
   978                           
   979                           ;tmr1.c: 68: T1CON = 0x00;
   980                           
   981                           ;incstack = 0
   982                           ; Regs used in _TMR1_Initialize: [wreg+status,2+status,0+pclath+cstack]
   983  004E  0020               	movlb	0	; select bank0
   984  004F  0198               	clrf	24	;volatile
   985                           
   986                           ;tmr1.c: 71: T1GCON = 0x00;
   987  0050  0199               	clrf	25	;volatile
   988                           
   989                           ;tmr1.c: 74: TMR1H = 0x00;
   990  0051  0197               	clrf	23	;volatile
   991                           
   992                           ;tmr1.c: 77: TMR1L = 0x00;
   993  0052  0196               	clrf	22	;volatile
   994                           
   995                           ;tmr1.c: 80: timer1ReloadVal = (TMR1H << 8) | TMR1L;
   996  0053  0817               	movf	23,w	;volatile
   997  0054  00F8               	movwf	_timer1ReloadVal+1	;volatile
   998  0055  0816               	movf	22,w	;volatile
   999  0056  00F7               	movwf	_timer1ReloadVal	;volatile
  1000                           
  1001                           ;tmr1.c: 83: PIR1bits.TMR1IF = 0;
  1002  0057  1011               	bcf	17,0	;volatile
  1003                           
  1004                           ;tmr1.c: 86: PIE1bits.TMR1IE = 1;
  1005  0058  0021               	movlb	1	; select bank1
  1006  0059  1411               	bsf	17,0	;volatile
  1007                           
  1008                           ;tmr1.c: 89: TMR1_StartTimer();
  1009  005A  3180  206C         	fcall	_TMR1_StartTimer
  1010  005C  0008               	return
  1011  005D                     __end_of_TMR1_Initialize:	
  1012                           
  1013                           	psect	text2
  1014  006C                     __ptext2:	
  1015 ;; *************** function _TMR1_StartTimer *****************
  1016 ;; Defined at:
  1017 ;;		line 92 in file "mcc_generated_files/tmr1.c"
  1018 ;; Parameters:    Size  Location     Type
  1019 ;;		None
  1020 ;; Auto vars:     Size  Location     Type
  1021 ;;		None
  1022 ;; Return value:  Size  Location     Type
  1023 ;;		None               void
  1024 ;; Registers used:
  1025 ;;		None
  1026 ;; Tracked objects:
  1027 ;;		On entry : 0/0
  1028 ;;		On exit  : 0/0
  1029 ;;		Unchanged: 0/0
  1030 ;; Data sizes:     COMMON   BANK0   BANK1   BANK2
  1031 ;;      Params:         0       0       0       0
  1032 ;;      Locals:         0       0       0       0
  1033 ;;      Temps:          0       0       0       0
  1034 ;;      Totals:         0       0       0       0
  1035 ;;Total ram usage:        0 bytes
  1036 ;; Hardware stack levels used:    1
  1037 ;; Hardware stack levels required when called:    3
  1038 ;; This function calls:
  1039 ;;		Nothing
  1040 ;; This function is called by:
  1041 ;;		_TMR1_Initialize
  1042 ;; This function uses a non-reentrant model
  1043 ;;
  1044                           
  1045                           
  1046                           ;psect for function _TMR1_StartTimer
  1047  006C                     _TMR1_StartTimer:	
  1048                           
  1049                           ;tmr1.c: 94: T1CONbits.TMR1ON = 1;
  1050                           
  1051                           ;incstack = 0
  1052                           ; Regs used in _TMR1_StartTimer: []
  1053  006C  0020               	movlb	0	; select bank0
  1054  006D  1418               	bsf	24,0	;volatile
  1055  006E  0008               	return
  1056  006F                     __end_of_TMR1_StartTimer:	
  1057                           
  1058                           	psect	text3
  1059  001D                     __ptext3:	
  1060 ;; *************** function _PIN_MANAGER_Initialize *****************
  1061 ;; Defined at:
  1062 ;;		line 50 in file "mcc_generated_files/pin_manager.c"
  1063 ;; Parameters:    Size  Location     Type
  1064 ;;		None
  1065 ;; Auto vars:     Size  Location     Type
  1066 ;;		None
  1067 ;; Return value:  Size  Location     Type
  1068 ;;		None               void
  1069 ;; Registers used:
  1070 ;;		wreg, status,2
  1071 ;; Tracked objects:
  1072 ;;		On entry : 0/0
  1073 ;;		On exit  : 0/0
  1074 ;;		Unchanged: 0/0
  1075 ;; Data sizes:     COMMON   BANK0   BANK1   BANK2
  1076 ;;      Params:         0       0       0       0
  1077 ;;      Locals:         0       0       0       0
  1078 ;;      Temps:          0       0       0       0
  1079 ;;      Totals:         0       0       0       0
  1080 ;;Total ram usage:        0 bytes
  1081 ;; Hardware stack levels used:    1
  1082 ;; Hardware stack levels required when called:    3
  1083 ;; This function calls:
  1084 ;;		Nothing
  1085 ;; This function is called by:
  1086 ;;		_main
  1087 ;;		_SYSTEM_Initialize
  1088 ;; This function uses a non-reentrant model
  1089 ;;
  1090                           
  1091                           
  1092                           ;psect for function _PIN_MANAGER_Initialize
  1093  001D                     _PIN_MANAGER_Initialize:	
  1094                           
  1095                           ;pin_manager.c: 51: LATA = 0x04;
  1096                           
  1097                           ;incstack = 0
  1098                           ; Regs used in _PIN_MANAGER_Initialize: [wreg+status,2]
  1099  001D  3004               	movlw	4
  1100  001E  0022               	movlb	2	; select bank2
  1101  001F  008C               	movwf	12	;volatile
  1102                           
  1103                           ;pin_manager.c: 52: TRISA = 0x3B;
  1104  0020  303B               	movlw	59
  1105  0021  0021               	movlb	1	; select bank1
  1106  0022  008C               	movwf	12	;volatile
  1107                           
  1108                           ;pin_manager.c: 53: ANSELA = 0x13;
  1109  0023  3013               	movlw	19
  1110  0024  0023               	movlb	3	; select bank3
  1111  0025  008C               	movwf	12	;volatile
  1112                           
  1113                           ;pin_manager.c: 54: WPUA = 0x00;
  1114  0026  0024               	movlb	4	; select bank4
  1115  0027  018C               	clrf	12	;volatile
  1116                           
  1117                           ;pin_manager.c: 56: LATC = 0x00;
  1118  0028  0022               	movlb	2	; select bank2
  1119  0029  018E               	clrf	14	;volatile
  1120                           
  1121                           ;pin_manager.c: 57: TRISC = 0x3F;
  1122  002A  303F               	movlw	63
  1123  002B  0021               	movlb	1	; select bank1
  1124  002C  008E               	movwf	14	;volatile
  1125                           
  1126                           ;pin_manager.c: 58: ANSELC = 0x0F;
  1127  002D  300F               	movlw	15
  1128  002E  0023               	movlb	3	; select bank3
  1129  002F  008E               	movwf	14	;volatile
  1130                           
  1131                           ;pin_manager.c: 59: WPUC = 0x00;
  1132  0030  0024               	movlb	4	; select bank4
  1133  0031  018E               	clrf	14	;volatile
  1134                           
  1135                           ;pin_manager.c: 61: OPTION_REGbits.nWPUEN = 0x01;
  1136  0032  0021               	movlb	1	; select bank1
  1137  0033  1795               	bsf	21,7	;volatile
  1138                           
  1139                           ;pin_manager.c: 63: APFCON0 = 0x00;
  1140  0034  0022               	movlb	2	; select bank2
  1141  0035  019D               	clrf	29	;volatile
  1142                           
  1143                           ;pin_manager.c: 65: APFCON1 = 0x00;
  1144  0036  019E               	clrf	30	;volatile
  1145  0037  0008               	return
  1146  0038                     __end_of_PIN_MANAGER_Initialize:	
  1147                           
  1148                           	psect	intentry
  1149  0004                     __pintentry:	
  1150 ;; *************** function _INTERRUPT_InterruptManager *****************
  1151 ;; Defined at:
  1152 ;;		line 52 in file "mcc_generated_files/interrupt_manager.c"
  1153 ;; Parameters:    Size  Location     Type
  1154 ;;		None
  1155 ;; Auto vars:     Size  Location     Type
  1156 ;;		None
  1157 ;; Return value:  Size  Location     Type
  1158 ;;		None               void
  1159 ;; Registers used:
  1160 ;;		wreg, status,2, status,0, pclath, cstack
  1161 ;; Tracked objects:
  1162 ;;		On entry : 0/0
  1163 ;;		On exit  : 0/0
  1164 ;;		Unchanged: 0/0
  1165 ;; Data sizes:     COMMON   BANK0   BANK1   BANK2
  1166 ;;      Params:         0       0       0       0
  1167 ;;      Locals:         0       0       0       0
  1168 ;;      Temps:          1       0       0       0
  1169 ;;      Totals:         1       0       0       0
  1170 ;;Total ram usage:        1 bytes
  1171 ;; Hardware stack levels used:    1
  1172 ;; Hardware stack levels required when called:    2
  1173 ;; This function calls:
  1174 ;;		_TMR1_ISR
  1175 ;; This function is called by:
  1176 ;;		Interrupt level 1
  1177 ;; This function uses a non-reentrant model
  1178 ;;
  1179                           
  1180  0004                     _INTERRUPT_InterruptManager:	
  1181                           
  1182                           ;incstack = 0
  1183                           ; Regs used in _INTERRUPT_InterruptManager: [wreg+status,2+status,0+pclath+cstack]
  1184  0004  3180               	pagesel	$
  1185  0005  0020               	movlb	0	; select bank0
  1186  0006  087F               	movf	127,w
  1187  0007  00F4               	movwf	??_INTERRUPT_InterruptManager
  1188                           
  1189                           ;interrupt_manager.c: 54: if (PIE1bits.TMR1IE == 1 && PIR1bits.TMR1IF == 1) {
  1190  0008  0021               	movlb	1	; select bank1
  1191  0009  1C11               	btfss	17,0	;volatile
  1192  000A  2810               	goto	i1l113
  1193  000B  0020               	movlb	0	; select bank0
  1194  000C  1C11               	btfss	17,0	;volatile
  1195  000D  2810               	goto	i1l113
  1196                           
  1197                           ;interrupt_manager.c: 55: TMR1_ISR();
  1198  000E  3180  2038         	fcall	_TMR1_ISR
  1199  0010                     i1l113:	
  1200                           ;interrupt_manager.c: 56: } else {
  1201                           
  1202  0010  0874               	movf	??_INTERRUPT_InterruptManager,w
  1203  0011  0020               	movlb	0	; select bank0
  1204  0012  00FF               	movwf	127
  1205  0013  0009               	retfie
  1206  0014                     __end_of_INTERRUPT_InterruptManager:	
  1207                           
  1208                           	psect	text5
  1209  0038                     __ptext5:	
  1210 ;; *************** function _TMR1_ISR *****************
  1211 ;; Defined at:
  1212 ;;		line 142 in file "mcc_generated_files/tmr1.c"
  1213 ;; Parameters:    Size  Location     Type
  1214 ;;		None
  1215 ;; Auto vars:     Size  Location     Type
  1216 ;;		None
  1217 ;; Return value:  Size  Location     Type
  1218 ;;		None               void
  1219 ;; Registers used:
  1220 ;;		wreg, status,2, status,0, pclath, cstack
  1221 ;; Tracked objects:
  1222 ;;		On entry : 0/0
  1223 ;;		On exit  : 0/0
  1224 ;;		Unchanged: 0/0
  1225 ;; Data sizes:     COMMON   BANK0   BANK1   BANK2
  1226 ;;      Params:         0       0       0       0
  1227 ;;      Locals:         0       0       0       0
  1228 ;;      Temps:          0       0       0       0
  1229 ;;      Totals:         0       0       0       0
  1230 ;;Total ram usage:        0 bytes
  1231 ;; Hardware stack levels used:    1
  1232 ;; Hardware stack levels required when called:    1
  1233 ;; This function calls:
  1234 ;;		_TMR1_CallBack
  1235 ;; This function is called by:
  1236 ;;		_INTERRUPT_InterruptManager
  1237 ;; This function uses a non-reentrant model
  1238 ;;
  1239                           
  1240                           
  1241                           ;psect for function _TMR1_ISR
  1242  0038                     _TMR1_ISR:	
  1243                           
  1244                           ;tmr1.c: 143: static volatile unsigned int CountCallBack = 0;
  1245                           ;tmr1.c: 146: PIR1bits.TMR1IF = 0;
  1246                           
  1247                           ;incstack = 0
  1248                           ; Regs used in _TMR1_ISR: [wreg+status,2+status,0+pclath+cstack]
  1249  0038  0020               	movlb	0	; select bank0
  1250  0039  1011               	bcf	17,0	;volatile
  1251                           
  1252                           ;tmr1.c: 148: TMR1H = (timer1ReloadVal >> 8);
  1253  003A  0878               	movf	_timer1ReloadVal+1,w	;volatile
  1254  003B  0097               	movwf	23	;volatile
  1255                           
  1256                           ;tmr1.c: 149: TMR1L = timer1ReloadVal;
  1257  003C  0877               	movf	_timer1ReloadVal,w	;volatile
  1258  003D  0096               	movwf	22	;volatile
  1259                           
  1260                           ;tmr1.c: 152: if (++CountCallBack >= 2) {
  1261  003E  3001               	movlw	1
  1262  003F  07F0               	addwf	TMR1_ISR@CountCallBack,f	;volatile
  1263  0040  3000               	movlw	0
  1264  0041  3DF1               	addwfc	TMR1_ISR@CountCallBack+1,f	;volatile
  1265  0042  3000               	movlw	0
  1266  0043  0271               	subwf	TMR1_ISR@CountCallBack+1,w	;volatile
  1267  0044  3002               	movlw	2
  1268  0045  1903               	skipnz
  1269  0046  0270               	subwf	TMR1_ISR@CountCallBack,w	;volatile
  1270  0047  1C03               	skipc
  1271  0048  0008               	return
  1272                           
  1273                           ;tmr1.c: 154: TMR1_CallBack();
  1274  0049  3180  2068         	fcall	_TMR1_CallBack
  1275                           
  1276                           ;tmr1.c: 157: CountCallBack = 0;
  1277  004B  01F0               	clrf	TMR1_ISR@CountCallBack	;volatile
  1278  004C  01F1               	clrf	TMR1_ISR@CountCallBack+1	;volatile
  1279  004D  0008               	return
  1280  004E                     __end_of_TMR1_ISR:	
  1281                           
  1282                           	psect	text6
  1283  0068                     __ptext6:	
  1284 ;; *************** function _TMR1_CallBack *****************
  1285 ;; Defined at:
  1286 ;;		line 162 in file "mcc_generated_files/tmr1.c"
  1287 ;; Parameters:    Size  Location     Type
  1288 ;;		None
  1289 ;; Auto vars:     Size  Location     Type
  1290 ;;		None
  1291 ;; Return value:  Size  Location     Type
  1292 ;;		None               void
  1293 ;; Registers used:
  1294 ;;		wreg
  1295 ;; Tracked objects:
  1296 ;;		On entry : 0/0
  1297 ;;		On exit  : 0/0
  1298 ;;		Unchanged: 0/0
  1299 ;; Data sizes:     COMMON   BANK0   BANK1   BANK2
  1300 ;;      Params:         0       0       0       0
  1301 ;;      Locals:         0       0       0       0
  1302 ;;      Temps:          0       0       0       0
  1303 ;;      Totals:         0       0       0       0
  1304 ;;Total ram usage:        0 bytes
  1305 ;; Hardware stack levels used:    1
  1306 ;; This function calls:
  1307 ;;		Nothing
  1308 ;; This function is called by:
  1309 ;;		_TMR1_ISR
  1310 ;; This function uses a non-reentrant model
  1311 ;;
  1312                           
  1313                           
  1314                           ;psect for function _TMR1_CallBack
  1315  0068                     _TMR1_CallBack:	
  1316                           
  1317                           ;tmr1.c: 164: RA2 = ~RA2;
  1318                           
  1319                           ;incstack = 0
  1320                           ; Regs used in _TMR1_CallBack: [wreg]
  1321  0068  3004               	movlw	4
  1322  0069  0020               	movlb	0	; select bank0
  1323  006A  068C               	xorwf	12,f
  1324  006B  0008               	return
  1325  006C                     __end_of_TMR1_CallBack:	
  1326  007E                     btemp	set	126	;btemp
  1327  007E                     wtemp	set	126
  1328  007E                     wtemp0	set	126
  1329  0080                     wtemp1	set	128
  1330  0082                     wtemp2	set	130
  1331  0084                     wtemp3	set	132
  1332  0086                     wtemp4	set	134
  1333  0088                     wtemp5	set	136
  1334  007F                     wtemp6	set	127
  1335  007E                     ttemp	set	126
  1336  007E                     ttemp0	set	126
  1337  0081                     ttemp1	set	129
  1338  0084                     ttemp2	set	132
  1339  0087                     ttemp3	set	135
  1340  007F                     ttemp4	set	127
  1341  007E                     ltemp	set	126
  1342  007E                     ltemp0	set	126
  1343  0082                     ltemp1	set	130
  1344  0086                     ltemp2	set	134
  1345  0080                     ltemp3	set	128


Data Sizes:
    Strings     0
    Constant    0
    Data        0
    BSS         4
    Persistent  2
    Stack       0

Auto Spaces:
    Space          Size  Autos    Used
    COMMON           14      3       9
    BANK0            80      0       0
    BANK1            80      0       0
    BANK2            80      0       0

Pointer List with Targets:

    None.

Critical Paths under _main in COMMON

    None.

Critical Paths under _INTERRUPT_InterruptManager in COMMON

    None.

Critical Paths under _main in BANK0

    None.

Critical Paths under _INTERRUPT_InterruptManager in BANK0

    None.

Critical Paths under _main in BANK1

    None.

Critical Paths under _INTERRUPT_InterruptManager in BANK1

    None.

Critical Paths under _main in BANK2

    None.

Critical Paths under _INTERRUPT_InterruptManager in BANK2

    None.

Call Graph Tables:

 ---------------------------------------------------------------------------------
 (Depth) Function   	        Calls       Base Space   Used Autos Params    Refs
 ---------------------------------------------------------------------------------
 (0) _main                                                 2     2      0       0
                                              1 COMMON     2     2      0
             _PIN_MANAGER_Initialize
                    _TMR1_Initialize
 ---------------------------------------------------------------------------------
 (1) _TMR1_Initialize                                      0     0      0       0
                    _TMR1_StartTimer
 ---------------------------------------------------------------------------------
 (2) _TMR1_StartTimer                                      0     0      0       0
 ---------------------------------------------------------------------------------
 (1) _PIN_MANAGER_Initialize                               0     0      0       0
 ---------------------------------------------------------------------------------
 Estimated maximum stack depth 2
 ---------------------------------------------------------------------------------
 (Depth) Function   	        Calls       Base Space   Used Autos Params    Refs
 ---------------------------------------------------------------------------------
 (3) _INTERRUPT_InterruptManager                           1     1      0       0
                                              0 COMMON     1     1      0
                           _TMR1_ISR
 ---------------------------------------------------------------------------------
 (4) _TMR1_ISR                                             0     0      0       0
                      _TMR1_CallBack
 ---------------------------------------------------------------------------------
 (5) _TMR1_CallBack                                        0     0      0       0
 ---------------------------------------------------------------------------------
 Estimated maximum stack depth 5
 ---------------------------------------------------------------------------------

 Call Graph Graphs:

 _main (ROOT)
   _PIN_MANAGER_Initialize
   _TMR1_Initialize
     _TMR1_StartTimer

 _INTERRUPT_InterruptManager (ROOT)
   _TMR1_ISR
     _TMR1_CallBack

 Address spaces:
Name               Size   Autos  Total    Cost      Usage
BIGRAM              F0      0       0       0        0.0%
EEDATA             100      0       0       0        0.0%
NULL                 0      0       0       0        0.0%
CODE                 0      0       0       0        0.0%
BITCOMMON            E      0       0       1        0.0%
BITSFR0              0      0       0       1        0.0%
SFR0                 0      0       0       1        0.0%
COMMON               E      3       9       2       64.3%
BITSFR1              0      0       0       2        0.0%
SFR1                 0      0       0       2        0.0%
BITSFR2              0      0       0       3        0.0%
SFR2                 0      0       0       3        0.0%
STACK                0      0       0       3        0.0%
BITSFR3              0      0       0       4        0.0%
SFR3                 0      0       0       4        0.0%
ABS                  0      0       9       4        0.0%
BITBANK0            50      0       0       5        0.0%
BITSFR4              0      0       0       5        0.0%
SFR4                 0      0       0       5        0.0%
BANK0               50      0       0       6        0.0%
BITSFR5              0      0       0       6        0.0%
SFR5                 0      0       0       6        0.0%
BITBANK1            50      0       0       7        0.0%
BITSFR6              0      0       0       7        0.0%
SFR6                 0      0       0       7        0.0%
BANK1               50      0       0       8        0.0%
BITSFR7              0      0       0       8        0.0%
SFR7                 0      0       0       8        0.0%
BITBANK2            50      0       0       9        0.0%
BITSFR8              0      0       0       9        0.0%
SFR8                 0      0       0       9        0.0%
BANK2               50      0       0      10        0.0%
BITSFR9              0      0       0      10        0.0%
SFR9                 0      0       0      10        0.0%
BITSFR10             0      0       0      11        0.0%
SFR10                0      0       0      11        0.0%
DATA                 0      0       9      11        0.0%
BITSFR11             0      0       0      12        0.0%
SFR11                0      0       0      12        0.0%
BITSFR12             0      0       0      13        0.0%
SFR12                0      0       0      13        0.0%
BITSFR13             0      0       0      14        0.0%
SFR13                0      0       0      14        0.0%
BITSFR14             0      0       0      15        0.0%
SFR14                0      0       0      15        0.0%
BITSFR15             0      0       0      16        0.0%
SFR15                0      0       0      16        0.0%
BITSFR16             0      0       0      17        0.0%
SFR16                0      0       0      17        0.0%
BITSFR17             0      0       0      18        0.0%
SFR17                0      0       0      18        0.0%
BITSFR18             0      0       0      19        0.0%
SFR18                0      0       0      19        0.0%
BITSFR19             0      0       0      20        0.0%
SFR19                0      0       0      20        0.0%
BITSFR20             0      0       0      21        0.0%
SFR20                0      0       0      21        0.0%
BITSFR21             0      0       0      22        0.0%
SFR21                0      0       0      22        0.0%
BITSFR22             0      0       0      23        0.0%
SFR22                0      0       0      23        0.0%
BITSFR23             0      0       0      24        0.0%
SFR23                0      0       0      24        0.0%
BITSFR24             0      0       0      25        0.0%
SFR24                0      0       0      25        0.0%
BITSFR25             0      0       0      26        0.0%
SFR25                0      0       0      26        0.0%
BITSFR26             0      0       0      27        0.0%
SFR26                0      0       0      27        0.0%
BITSFR27             0      0       0      28        0.0%
SFR27                0      0       0      28        0.0%
BITSFR28             0      0       0      29        0.0%
SFR28                0      0       0      29        0.0%
BITSFR29             0      0       0      30        0.0%
SFR29                0      0       0      30        0.0%
BITSFR30             0      0       0      31        0.0%
SFR30                0      0       0      31        0.0%
BITSFR31             0      0       0      32        0.0%
SFR31                0      0       0      32        0.0%


Microchip Technology PIC Macro Assembler V1.34 build -361300703 
Symbol Table                                                                                   Tue Dec 29 18:45:25 2015

                        __CFG_CP$OFF 0000                                  l124 0067  
                                _RA2 0062                         __CFG_CPD$OFF 0000  
                    _timer1ReloadVal 0077                         __CFG_BORV$LO 0000  
                       __CFG_IESO$ON 0000                         __CFG_LVP$OFF 0000  
                               _LATA 010C                                 _LATC 010E  
                               _WPUA 020C                                 _WPUC 020E  
                       __CFG_WRT$OFF 0000                        __CFG_FCMEN$ON 0000  
                               _flag 0072                                 _main 005D  
                               btemp 007E                        __CFG_BOREN$ON 0000  
                               ltemp 007E                                 start 0014  
                               ttemp 007E                                 wtemp 007E  
                      __CFG_MCLRE$ON 0000                        __CFG_PLLEN$ON 0000  
                              ?_main 0074                        __CFG_WDTE$OFF 0000  
                    _TMR1_StartTimer 006C                                _T1CON 0018  
                              i1l113 0010                                _TMR1H 0017  
                              _TMR1L 0016                                _TRISA 008C  
                              _TRISC 008E                     __end_of_TMR1_ISR 004E  
                              main@i 0075              __end_of_TMR1_Initialize 005D  
                              ltemp0 007E                                ltemp1 0082  
                              ltemp2 0086                                ltemp3 0080  
                              ttemp0 007E                                ttemp1 0081  
                              ttemp2 0084                                ttemp3 0087  
                              ttemp4 007F                                wtemp0 007E  
                              wtemp1 0080                                wtemp2 0082  
                              wtemp3 0084                                wtemp4 0086  
                              wtemp5 0088                                wtemp6 007F  
                    __initialization 0016                         __end_of_main 0068  
        ?_INTERRUPT_InterruptManager 0074                               ??_main 0075  
                             _ANSELA 018C                               _ANSELC 018E  
                             _T1GCON 0019                               _OSCCON 0099  
                     __CFG_PWRTE$OFF 0000              __end_of_TMR1_StartTimer 006F  
                     __CFG_STVREN$ON 0000                __end_of_TMR1_CallBack 006C  
                   ?_TMR1_Initialize 0074              __end_of__initialization 001A  
                     __pcstackCOMMON 0074                            ?_TMR1_ISR 0074  
                     _OPTION_REGbits 0095                           __pnvCOMMON 0077  
                         __pmaintext 005D                     ?_TMR1_StartTimer 0074  
                         ??_TMR1_ISR 0074                           __pintentry 0004  
                            _APFCON0 011D                              _APFCON1 011E  
                            _OSCSTAT 009A                              _OSCTUNE 0098  
                            __ptext1 004E                              __ptext2 006C  
                            __ptext3 001D                              __ptext5 0038  
                            __ptext6 0068                            _T1CONbits 0018  
           ??_PIN_MANAGER_Initialize 0075                 end_of_initialization 001A  
                   __CFG_FOSC$INTOSC 0000                    __size_of_TMR1_ISR 0016  
                start_initialization 0016      __size_of_PIN_MANAGER_Initialize 001B  
           __size_of_TMR1_Initialize 000F               __size_of_TMR1_CallBack 0004  
              TMR1_ISR@CountCallBack 0070                          __pbssCOMMON 0070  
                          ___latbits 0001               _PIN_MANAGER_Initialize 001D  
       ??_INTERRUPT_InterruptManager 0074             __size_of_TMR1_StartTimer 0003  
                      _TMR1_CallBack 0068                             _PIE1bits 0091  
__size_of_INTERRUPT_InterruptManager 0010                             _PIR1bits 0011  
                           _TMR1_ISR 0038                    ??_TMR1_Initialize 0075  
                     ?_TMR1_CallBack 0074                           _T1GCONbits 0019  
                  ??_TMR1_StartTimer 0075                        __size_of_main 000B  
 __end_of_INTERRUPT_InterruptManager 0014           _INTERRUPT_InterruptManager 0004  
                    ??_TMR1_CallBack 0074                             intlevel1 0000  
            ?_PIN_MANAGER_Initialize 0074                    __CFG_CLKOUTEN$OFF 0000  
     __end_of_PIN_MANAGER_Initialize 0038                      _TMR1_Initialize 004E  
